<?xml version="1.0" encoding="UTF-8"?>
<!-- Generated by org.testng.reporters.JUnitReportReporter -->
<testsuite hostname="LAPTOP-21UHU9NB" failures="0" tests="1" name="DemoTest.Demo" time="0.009" errors="0" timestamp="2022-11-22T11:14:25 IST" skipped="0">
  <testcase classname="DemoTest.Demo" name="readnm" time="0.009"/>
  <system-out/>
</testsuite> <!-- DemoTest.Demo -->
